[19:01:40] [main/INFO] (FabricLoader/GameProvider) Loading Minecraft 1.20.1 with Fabric Loader 0.16.10
[19:01:40] [main/INFO] (FabricLoader) Loading 91 mods:
	- cardinal-components-base 5.2.3
	- cardinal-components-entity 5.2.3
	- cardinal-components-world 5.2.3
	- emi 1.1.22+1.20.1+fabric
	- fabric-api 0.92.6+1.20.1
	- fabric-api-base 0.4.32+1802ada577
	- fabric-api-lookup-api-v1 1.6.37+1802ada577
	- fabric-biome-api-v1 13.0.14+1802ada577
	- fabric-block-api-v1 1.0.12+1802ada577
	- fabric-block-view-api-v2 1.0.3+924f046a77
	- fabric-blockrenderlayer-v1 1.1.42+1802ada577
	- fabric-client-tags-api-v1 1.1.3+1802ada577
	- fabric-command-api-v1 1.2.35+f71b366f77
	- fabric-command-api-v2 2.2.14+1802ada577
	- fabric-commands-v0 0.2.52+df3654b377
	- fabric-containers-v0 0.1.67+df3654b377
	- fabric-content-registries-v0 4.0.13+1802ada577
	- fabric-convention-tags-v1 1.5.6+1802ada577
	- fabric-crash-report-info-v1 0.2.20+1802ada577
	- fabric-data-attachment-api-v1 1.0.2+de0fd6d177
	- fabric-data-generation-api-v1 12.3.7+1802ada577
	- fabric-dimensions-v1 2.1.55+1802ada577
	- fabric-entity-events-v1 1.6.1+1c78457f77
	- fabric-events-interaction-v0 0.6.5+13a40c6677
	- fabric-events-lifecycle-v0 0.2.64+df3654b377
	- fabric-game-rule-api-v1 1.0.41+1802ada577
	- fabric-gametest-api-v1 1.2.15+1802ada577
	- fabric-item-api-v1 2.1.29+1802ada577
	- fabric-item-group-api-v1 4.0.14+1802ada577
	- fabric-key-binding-api-v1 1.0.38+1802ada577
	- fabric-keybindings-v0 0.2.36+df3654b377
	- fabric-lifecycle-events-v1 2.2.23+1802ada577
	- fabric-loot-api-v2 1.2.3+1802ada577
	- fabric-loot-tables-v1 1.1.47+9e7660c677
	- fabric-message-api-v1 5.1.10+1802ada577
	- fabric-mining-level-api-v1 2.1.52+1802ada577
	- fabric-model-loading-api-v1 1.0.4+1802ada577
	- fabric-models-v0 0.4.3+9386d8a777
	- fabric-networking-api-v1 1.3.14+a158aa0477
	- fabric-networking-v0 0.3.54+df3654b377
	- fabric-object-builder-api-v1 11.1.5+e35120df77
	- fabric-particles-v1 1.1.3+1802ada577
	- fabric-recipe-api-v1 1.0.24+1802ada577
	- fabric-registry-sync-v0 2.3.6+1802ada577
	- fabric-renderer-api-v1 3.2.2+1802ada577
	- fabric-renderer-indigo 1.5.3+85287f9f77
	- fabric-renderer-registries-v1 3.2.47+df3654b377
	- fabric-rendering-data-attachment-v1 0.3.39+92a0d36777
	- fabric-rendering-fluids-v1 3.0.29+1802ada577
	- fabric-rendering-v0 1.1.50+df3654b377
	- fabric-rendering-v1 3.0.9+1802ada577
	- fabric-resource-conditions-api-v1 2.3.9+1802ada577
	- fabric-resource-loader-v0 0.11.12+fb82e9d777
	- fabric-screen-api-v1 2.0.9+1802ada577
	- fabric-screen-handler-api-v1 1.3.33+1802ada577
	- fabric-sound-api-v1 1.0.14+1802ada577
	- fabric-transfer-api-v1 3.3.6+8dd72ea377
	- fabric-transitive-access-wideners-v1 4.3.2+1802ada577
	- fabricloader 0.16.10
	- java 21
	- kanos_config 0.4.1+1.14.4-1.19.4
	- lodestone 1.20.1-1.6.2.3f-fabric
	- minecraft 1.20.1
	- mixinextras 0.4.1
	- pehkui 3.7.8+1.14.4-1.20.1
	- penumbra 0.1.1-SNAPSHOT
	- porting_lib_accessors 2.3.4+1.20.1
	- porting_lib_attributes 2.3.4+1.20.1
	- porting_lib_base 2.3.4+1.20.1
	- porting_lib_blocks 2.3.4+1.20.1
	- porting_lib_common 2.3.4+1.20.1
	- porting_lib_config 2.3.4+1.20.1
	- porting_lib_core 2.3.4+1.20.1
	- porting_lib_data 2.3.4+1.20.1
	- porting_lib_entity 2.3.4+1.20.1
	- porting_lib_extensions 2.3.4+1.20.1
	- porting_lib_fluids 2.3.4+1.20.1
	- porting_lib_items 2.3.4+1.20.1
	- porting_lib_lazy_registration 2.3.4+1.20.1
	- porting_lib_mixin_extensions 2.3.4+1.20.1
	- porting_lib_model_generators 2.3.4+1.20.1
	- porting_lib_model_loader 2.3.4+1.20.1
	- porting_lib_model_materials 2.3.4+1.20.1
	- porting_lib_models 2.3.4+1.20.1
	- porting_lib_networking 2.3.4+1.20.1
	- porting_lib_tags 3.0
	- porting_lib_tool_actions 2.3.4+1.20.1
	- porting_lib_transfer 2.3.4+1.20.1
	- porting_lib_utility 2.3.4+1.20.1
	- reach-entity-attributes 2.4.0
	- trinkets 3.7.0
[19:01:40] [main/INFO] (FabricLoader/Mixin) SpongePowered MIXIN Subsystem Version=0.8.7 Source=file:/C:/Users/Owner/.gradle/caches/modules-2/files-2.1/net.fabricmc/sponge-mixin/0.15.4+mixin.0.8.7/6a12aacc794f1078458433116e9ed42c1cc98096/sponge-mixin-0.15.4+mixin.0.8.7.jar Service=Knot/Fabric Env=CLIENT
[19:01:40] [main/INFO] (FabricLoader/Mixin) Loaded Fabric development mappings for mixin remapper!
[19:01:40] [main/INFO] (FabricLoader/Mixin) Compatibility level set to JAVA_16
[19:01:40] [main/INFO] (FabricLoader/Mixin) Compatibility level set to JAVA_17
[19:01:41] [main/WARN] (FabricLoader/Mixin) Error loading class: io/vram/frex/base/renderer/context/render/EntityBlockRenderContext (java.lang.ClassNotFoundException: io/vram/frex/base/renderer/context/render/EntityBlockRenderContext)
[19:01:41] [main/WARN] (FabricLoader/Mixin) @Mixin target io.vram.frex.base.renderer.context.render.EntityBlockRenderContext was not found porting_lib_base.mixins.json:client.frex.EntityBlockRenderContextMixin from mod porting_lib_base
[19:01:41] [main/WARN] (FabricLoader/Mixin) Error loading class: mezz/jei/library/load/PluginCaller (java.lang.ClassNotFoundException: mezz/jei/library/load/PluginCaller)
[19:01:41] [main/INFO] (FabricLoader/MixinExtras|Service) Initializing MixinExtras via com.llamalad7.mixinextras.service.MixinExtrasServiceImpl(version=0.4.1).
[19:01:43] [main/WARN] (FabricLoader/Mixin) @Inject(@At("INVOKE")) Shift.BY=2 on porting_lib_entity.mixins.json:common.LivingEntityMixin from mod porting_lib_entity::handler$cao000$porting_lib_entity$port_lib$onFinishUsing exceeds the maximum allowed value: 0. Increase the value of maxShiftBy to suppress this warning.
[19:01:45] [Datafixer Bootstrap/INFO] (Minecraft) 188 Datafixer optimizations took 99 milliseconds
[19:01:46] [Render thread/INFO] (Minecraft) [STDERR]: [LWJGL] [ThreadLocalUtil] Unsupported JNI version detected, this may result in a crash. Please inform LWJGL developers.
[19:01:46] [Render thread/INFO] (Minecraft) Environment: authHost='https://authserver.mojang.com', accountsHost='https://api.mojang.com', sessionHost='https://sessionserver.mojang.com', servicesHost='https://api.minecraftservices.com', name='PROD'
[19:01:47] [Render thread/ERROR] (Minecraft) Failed to verify authentication
com.mojang.authlib.exceptions.InvalidCredentialsException: Status: 401
	at com.mojang.authlib.exceptions.MinecraftClientHttpException.toAuthenticationException(MinecraftClientHttpException.java:56) ~[authlib-4.0.43.jar:?]
	at com.mojang.authlib.yggdrasil.YggdrasilUserApiService.fetchProperties(YggdrasilUserApiService.java:156) ~[authlib-4.0.43.jar:?]
	at com.mojang.authlib.yggdrasil.YggdrasilUserApiService.<init>(YggdrasilUserApiService.java:55) ~[authlib-4.0.43.jar:?]
	at com.mojang.authlib.yggdrasil.YggdrasilAuthenticationService.createUserApiService(YggdrasilAuthenticationService.java:124) ~[authlib-4.0.43.jar:?]
	at net.minecraft.client.MinecraftClient.createUserApiService(MinecraftClient.java:733) ~[minecraft-merged-2506576da2-1.20.1-net.fabricmc.yarn.1_20_1.1.20.1+build.10-v2.jar:?]
	at net.minecraft.client.MinecraftClient.<init>(MinecraftClient.java:442) ~[minecraft-merged-2506576da2-1.20.1-net.fabricmc.yarn.1_20_1.1.20.1+build.10-v2.jar:?]
	at net.minecraft.client.main.Main.main(Main.java:211) ~[minecraft-merged-2506576da2-1.20.1-net.fabricmc.yarn.1_20_1.1.20.1+build.10-v2.jar:?]
	at net.fabricmc.loader.impl.game.minecraft.MinecraftGameProvider.launch(MinecraftGameProvider.java:480) ~[fabric-loader-0.16.10.jar:?]
	at net.fabricmc.loader.impl.launch.knot.Knot.launch(Knot.java:74) ~[fabric-loader-0.16.10.jar:?]
	at net.fabricmc.loader.impl.launch.knot.KnotClient.main(KnotClient.java:23) ~[fabric-loader-0.16.10.jar:?]
	at net.fabricmc.devlaunchinjector.Main.main(Main.java:86) ~[dev-launch-injector-0.2.1+build.8.jar:?]
Caused by: com.mojang.authlib.exceptions.MinecraftClientHttpException: Status: 401
	at com.mojang.authlib.minecraft.client.MinecraftClient.readInputStream(MinecraftClient.java:85) ~[authlib-4.0.43.jar:?]
	at com.mojang.authlib.minecraft.client.MinecraftClient.get(MinecraftClient.java:48) ~[authlib-4.0.43.jar:?]
	at com.mojang.authlib.yggdrasil.YggdrasilUserApiService.fetchProperties(YggdrasilUserApiService.java:129) ~[authlib-4.0.43.jar:?]
	... 9 more
[19:01:47] [Render thread/INFO] (Minecraft) Setting user: Player815
[19:01:47] [Render thread/INFO] (penumbra) Capozi I'm begging you to tell us what you're doing
[19:01:47] [Render thread/INFO] (penumbra) why'd you use a static variable for isDashing? - InfinityFarzad
[19:01:47] [Render thread/INFO] (penumbra) i'm pondering my orb, what else would i be doing
[19:01:47] [Render thread/INFO] (Indigo) [Indigo] Registering Indigo renderer!
[19:01:47] [Render thread/INFO] (FabricLoader/Mixin) penumbra.mixins.json:GameRendererAccessor from mod penumbra->@Accessor[FIELD_GETTER]::penumbra$getPositionColorProgram()Lnet/minecraft/client/gl/ShaderProgram; should be static as its target is
[19:01:47] [Render thread/INFO] (FabricLoader/Mixin) penumbra.mixins.json:GameRendererAccessor from mod penumbra->@Accessor[FIELD_GETTER]::penumbra$getPositionTexProgram()Lnet/minecraft/client/gl/ShaderProgram; should be static as its target is
[19:01:48] [Render thread/INFO] (LodestoneLib) Debugging: RenderHandler. onClientSetup()
[19:01:48] [Render thread/INFO] (FabricDataGenHelper) Running data generator for penumbra
[19:01:48] [Render thread/INFO] (Minecraft) Starting provider: Penumbra/Recipes
[19:01:48] [Render thread/INFO] (Minecraft) Penumbra/Recipes finished after 17 ms
[19:01:48] [Render thread/INFO] (Minecraft) Starting provider: Penumbra/Block Loot Tables
[19:01:48] [Render thread/INFO] (Minecraft) Penumbra/Block Loot Tables finished after 20 ms
[19:01:48] [Render thread/INFO] (Minecraft) All providers took: 38 ms
[19:01:48] [Render thread/INFO] (Minecraft) Caching: total files: 29, old count: 0, new count: 6, removed stale: 24, written: 5
[19:01:48] [Render thread/INFO] (FabricDataGenHelper) Running data generator for porting_lib_tool_actions
[19:01:48] [Render thread/INFO] (Minecraft) Starting provider: Porting Lib Tool Actions/Loot Tables
[19:01:48] [Render thread/ERROR] (FabricDataGenHelper) Failed to run data generation
java.lang.RuntimeException: Failed to run data generator from mod (porting_lib_tool_actions)
	at net.fabricmc.fabric.impl.datagen.FabricDataGenHelper.runInternal(FabricDataGenHelper.java:150) ~[fabric-data-generation-api-v1-12.3.7+1802ada577.jar:?]
	at net.fabricmc.fabric.impl.datagen.FabricDataGenHelper.run(FabricDataGenHelper.java:89) ~[fabric-data-generation-api-v1-12.3.7+1802ada577.jar:?]
	at net.minecraft.client.MinecraftClient.handler$zog000$fabric-data-generation-api-v1$main(MinecraftClient.java:5517) ~[minecraft-merged-2506576da2-1.20.1-net.fabricmc.yarn.1_20_1.1.20.1+build.10-v2.jar:?]
	at net.minecraft.client.MinecraftClient.<init>(MinecraftClient.java:468) ~[minecraft-merged-2506576da2-1.20.1-net.fabricmc.yarn.1_20_1.1.20.1+build.10-v2.jar:?]
	at net.minecraft.client.main.Main.main(Main.java:211) ~[minecraft-merged-2506576da2-1.20.1-net.fabricmc.yarn.1_20_1.1.20.1+build.10-v2.jar:?]
	at net.fabricmc.loader.impl.game.minecraft.MinecraftGameProvider.launch(MinecraftGameProvider.java:480) ~[fabric-loader-0.16.10.jar:?]
	at net.fabricmc.loader.impl.launch.knot.Knot.launch(Knot.java:74) ~[fabric-loader-0.16.10.jar:?]
	at net.fabricmc.loader.impl.launch.knot.KnotClient.main(KnotClient.java:23) ~[fabric-loader-0.16.10.jar:?]
	at net.fabricmc.devlaunchinjector.Main.main(Main.java:86) ~[dev-launch-injector-0.2.1+build.8.jar:?]
Caused by: java.lang.IllegalStateException: Missing loottable 'penumbra:blocks/obelisk' for 'penumbra:obelisk'
	at net.minecraft.data.server.loottable.BlockLootTableGenerator.accept(BlockLootTableGenerator.java:510) ~[minecraft-merged-2506576da2-1.20.1-net.fabricmc.yarn.1_20_1.1.20.1+build.10-v2.jar:?]
	at io.github.fabricators_of_create.porting_lib.tool.data.ToolActionsLootTableProvider.lambda$replaceAndFilterChangesOnly$3(ToolActionsLootTableProvider.java:68) ~[tool_actions-2.3.4+1.20.1.jar:?]
	at io.github.fabricators_of_create.porting_lib.tool.data.ToolActionsLootTableProvider.lambda$run$5(ToolActionsLootTableProvider.java:197) ~[tool_actions-2.3.4+1.20.1.jar:?]
	at java.util.ArrayList.forEach(ArrayList.java:1596) ~[?:?]
	at io.github.fabricators_of_create.porting_lib.tool.data.ToolActionsLootTableProvider.run(ToolActionsLootTableProvider.java:197) ~[tool_actions-2.3.4+1.20.1.jar:?]
	at net.minecraft.data.DataCache.run(DataCache.java:190) ~[minecraft-merged-2506576da2-1.20.1-net.fabricmc.yarn.1_20_1.1.20.1+build.10-v2.jar:?]
	at net.minecraft.data.DataGenerator.method_46563(DataGenerator.java:52) ~[minecraft-merged-2506576da2-1.20.1-net.fabricmc.yarn.1_20_1.1.20.1+build.10-v2.jar:?]
	at java.util.LinkedHashMap.forEach(LinkedHashMap.java:986) ~[?:?]
	at net.minecraft.data.DataGenerator.run(DataGenerator.java:45) ~[minecraft-merged-2506576da2-1.20.1-net.fabricmc.yarn.1_20_1.1.20.1+build.10-v2.jar:?]
	at net.fabricmc.fabric.impl.datagen.FabricDataGenHelper.runInternal(FabricDataGenHelper.java:145) ~[fabric-data-generation-api-v1-12.3.7+1802ada577.jar:?]
	... 8 more
